<?xml version="1.0" encoding="UTF-8"?>
<testsuite name="inc.nimbuspay.proaccountrest.payment.request.CashInTransactionRequestTest" tests="24" skipped="0" failures="0" errors="0" timestamp="2024-08-28T11:22:09" hostname="VAISHNAVISONAWA" time="0.235">
  <properties/>
  <testcase name="testSourceAccIbanIsNull()" classname="inc.nimbuspay.proaccountrest.payment.request.CashInTransactionRequestTest" time="0.001"/>
  <testcase name="testIso4217CurrencyIsNotValidFormat()" classname="inc.nimbuspay.proaccountrest.payment.request.CashInTransactionRequestTest" time="0.001"/>
  <testcase name="testTransactionValueNotGreaterThanZero()" classname="inc.nimbuspay.proaccountrest.payment.request.CashInTransactionRequestTest" time="0.001"/>
  <testcase name="testIso4217CurrencyValidFormat()" classname="inc.nimbuspay.proaccountrest.payment.request.CashInTransactionRequestTest" time="0.0"/>
  <testcase name="testNoArgsConstructor()" classname="inc.nimbuspay.proaccountrest.payment.request.CashInTransactionRequestTest" time="0.009"/>
  <testcase name="testTransactionTypeNotNull()" classname="inc.nimbuspay.proaccountrest.payment.request.CashInTransactionRequestTest" time="0.001"/>
  <testcase name="testSourceAccountNumberNotNull()" classname="inc.nimbuspay.proaccountrest.payment.request.CashInTransactionRequestTest" time="0.0"/>
  <testcase name="testPaymentReferenceIsNull()" classname="inc.nimbuspay.proaccountrest.payment.request.CashInTransactionRequestTest" time="0.001"/>
  <testcase name="testSourceAccountName()" classname="inc.nimbuspay.proaccountrest.payment.request.CashInTransactionRequestTest" time="0.0"/>
  <testcase name="testTransactionTypeNotEmpty()" classname="inc.nimbuspay.proaccountrest.payment.request.CashInTransactionRequestTest" time="0.0"/>
  <testcase name="testTransactionTypeNull()" classname="inc.nimbuspay.proaccountrest.payment.request.CashInTransactionRequestTest" time="0.001"/>
  <testcase name="testSourceAccountNameIsNull()" classname="inc.nimbuspay.proaccountrest.payment.request.CashInTransactionRequestTest" time="0.001"/>
  <testcase name="testAllArgsConstructor()" classname="inc.nimbuspay.proaccountrest.payment.request.CashInTransactionRequestTest" time="0.001"/>
  <testcase name="testSourceAccountNumberIsNull()" classname="inc.nimbuspay.proaccountrest.payment.request.CashInTransactionRequestTest" time="0.001"/>
  <testcase name="testSourceAccIban()" classname="inc.nimbuspay.proaccountrest.payment.request.CashInTransactionRequestTest" time="0.0"/>
  <testcase name="testSourceAccountSrtCdeIsNull()" classname="inc.nimbuspay.proaccountrest.payment.request.CashInTransactionRequestTest" time="0.001"/>
  <testcase name="testValidationSuccess()" classname="inc.nimbuspay.proaccountrest.payment.request.CashInTransactionRequestTest" time="0.025"/>
  <testcase name="testPaymentReferenceNotNull()" classname="inc.nimbuspay.proaccountrest.payment.request.CashInTransactionRequestTest" time="0.0"/>
  <testcase name="testDataAnnotation()" classname="inc.nimbuspay.proaccountrest.payment.request.CashInTransactionRequestTest" time="0.001"/>
  <testcase name="testEqualsAndHashCode()" classname="inc.nimbuspay.proaccountrest.payment.request.CashInTransactionRequestTest" time="0.001"/>
  <testcase name="testTransactionValueGreaterThanZero()" classname="inc.nimbuspay.proaccountrest.payment.request.CashInTransactionRequestTest" time="0.0"/>
  <testcase name="testSourceAccountSrtCde()" classname="inc.nimbuspay.proaccountrest.payment.request.CashInTransactionRequestTest" time="0.0"/>
  <testcase name="testTransactionTypeEmpty()" classname="inc.nimbuspay.proaccountrest.payment.request.CashInTransactionRequestTest" time="0.0"/>
  <testcase name="testValidationFailure()" classname="inc.nimbuspay.proaccountrest.payment.request.CashInTransactionRequestTest" time="0.033"/>
  <system-out><![CDATA[TransactionType can not be empty
Currency code must be 3 uppercase letters
Amount must be greater than  0
AccountNumber number can not be null
]]></system-out>
  <system-err><![CDATA[]]></system-err>
</testsuite>
