<?xml version="1.0" encoding="UTF-8"?>
<testsuite name="inc.nimbuspay.proaccountrest.management.request.AccountRequestTest" tests="12" skipped="0" failures="0" errors="0" timestamp="2024-08-28T11:22:05" hostname="VAISHNAVISONAWA" time="0.024">
  <properties/>
  <testcase name="testToString()" classname="inc.nimbuspay.proaccountrest.management.request.AccountRequestTest" time="0.001"/>
  <testcase name="testSettersAndGetters()" classname="inc.nimbuspay.proaccountrest.management.request.AccountRequestTest" time="0.001"/>
  <testcase name="testBuilder()" classname="inc.nimbuspay.proaccountrest.management.request.AccountRequestTest" time="0.0"/>
  <testcase name="testAccountOwnerSetterAndGetter()" classname="inc.nimbuspay.proaccountrest.management.request.AccountRequestTest" time="0.001"/>
  <testcase name="testEqualsWithNullFields()" classname="inc.nimbuspay.proaccountrest.management.request.AccountRequestTest" time="0.001"/>
  <testcase name="testEqualsWithDifferentTypes()" classname="inc.nimbuspay.proaccountrest.management.request.AccountRequestTest" time="0.0"/>
  <testcase name="testProductSetterAndGetter()" classname="inc.nimbuspay.proaccountrest.management.request.AccountRequestTest" time="0.001"/>
  <testcase name="testEqualsAndHashCode()" classname="inc.nimbuspay.proaccountrest.management.request.AccountRequestTest" time="0.001"/>
  <testcase name="testIso4217CurrencySetterAndGetter()" classname="inc.nimbuspay.proaccountrest.management.request.AccountRequestTest" time="0.0"/>
  <testcase name="testDefaultConstructor()" classname="inc.nimbuspay.proaccountrest.management.request.AccountRequestTest" time="0.001"/>
  <testcase name="testEqualsWithNull()" classname="inc.nimbuspay.proaccountrest.management.request.AccountRequestTest" time="0.001"/>
  <testcase name="testEqualsWithSelf()" classname="inc.nimbuspay.proaccountrest.management.request.AccountRequestTest" time="0.001"/>
  <system-out><![CDATA[]]></system-out>
  <system-err><![CDATA[]]></system-err>
</testsuite>
