<?xml version="1.0" encoding="UTF-8"?>
<testsuite name="inc.nimbuspay.proaccountrest.transaction.controller.AcquirerToIssuerCardTransactionsControllerTest" tests="2" skipped="0" failures="0" errors="0" timestamp="2024-08-28T11:22:15" hostname="VAISHNAVISONAWA" time="1.836">
  <properties/>
  <testcase name="financial_Success()" classname="inc.nimbuspay.proaccountrest.transaction.controller.AcquirerToIssuerCardTransactionsControllerTest" time="0.666"/>
  <testcase name="reversal_Success()" classname="inc.nimbuspay.proaccountrest.transaction.controller.AcquirerToIssuerCardTransactionsControllerTest" time="1.168"/>
  <system-out><![CDATA[2024-08-28T16:52:12.366+05:30  INFO 26732 --- [proaccount-rest] [    Test worker] t.c.s.AnnotationConfigContextLoaderUtils : Could not detect default configuration classes for test class [inc.nimbuspay.proaccountrest.transaction.controller.AcquirerToIssuerCardTransactionsControllerTest]: AcquirerToIssuerCardTransactionsControllerTest does not declare any static, non-private, non-final, nested classes annotated with @Configuration.
2024-08-28T16:52:12.856+05:30  INFO 26732 --- [proaccount-rest] [    Test worker] .b.t.c.SpringBootTestContextBootstrapper : Found @SpringBootConfiguration inc.nimbuspay.proaccountrest.ProaccountRestApplication for test class inc.nimbuspay.proaccountrest.transaction.controller.AcquirerToIssuerCardTransactionsControllerTest

  .   ____          _            __ _ _
 /\\ / ___'_ __ _ _(_)_ __  __ _ \ \ \ \
( ( )\___ | '_ | '_| | '_ \/ _` | \ \ \ \
 \\/  ___)| |_)| | | | | || (_| |  ) ) ) )
  '  |____| .__|_| |_|_| |_\__, | / / / /
 =========|_|==============|___/=/_/_/_/
 :: Spring Boot ::                (v3.2.4)

2024-08-28T16:52:12.961+05:30  INFO 26732 --- [proaccount-rest] [    Test worker] erToIssuerCardTransactionsControllerTest : Starting AcquirerToIssuerCardTransactionsControllerTest using Java 21.0.3 with PID 26732 (started by vaishnavi.sonawane in D:\Proaccount-Rest\ProACCOUNT\proaccount-rest)
2024-08-28T16:52:12.962+05:30  INFO 26732 --- [proaccount-rest] [    Test worker] erToIssuerCardTransactionsControllerTest : No active profile set, falling back to 1 default profile: "default"
2024-08-28T16:52:15.251+05:30  INFO 26732 --- [proaccount-rest] [    Test worker] o.s.b.t.m.w.SpringBootMockServletContext : Initializing Spring TestDispatcherServlet ''
2024-08-28T16:52:15.251+05:30  INFO 26732 --- [proaccount-rest] [    Test worker] o.s.t.web.servlet.TestDispatcherServlet  : Initializing Servlet ''
2024-08-28T16:52:15.252+05:30  INFO 26732 --- [proaccount-rest] [    Test worker] o.s.t.web.servlet.TestDispatcherServlet  : Completed initialization in 1 ms
2024-08-28T16:52:15.286+05:30  INFO 26732 --- [proaccount-rest] [    Test worker] erToIssuerCardTransactionsControllerTest : Started AcquirerToIssuerCardTransactionsControllerTest in 2.415 seconds (process running for 43.268)
2024-08-28T16:52:15.657+05:30  INFO 26732 --- [proaccount-rest] [    Test worker] quirerToIssuerCardTransactionsController : Financial Initiation Message : FinancialInitiation(finInitn=FinancialInitiationV03(hdr=Header62(msgFctn=NOTI, prtcolVrsn=1 , xchgId=null, reTrnsmssnCntr=null, creDtTm=2024-06-18T09:08:18.000Z, initgPty=GenericIdentification183(id=123e4567-e89b-12d3-a456-426614174000, tp=ACQP, othrTp=OTHER_MERCHANT_TYPE, assgnr=ACQR, ctry=US, shrtNm=ShortNameExample), rcptPty=null, tracData=null), body=FinancialInitiation2(envt=Environment17(acqrr=PartyIdentification263(id=PID12345, assgnr=Government Agency, ctry=USA, shrtNm=CorpX, lglCorpNm=CorpX Incorporated, addtlId=AdditionalData1(tp=Tax ID, val=TAX123456789), lclData=LocalData1(lang=en, shrtNm=Local CorpX, lglCorpNm=Local CorpX Incorporated, addtlData=[AdditionalData1(tp=Local Tax ID, val=LTAX987654321), AdditionalData1(tp=Local Registration ID, val=LREG54321)])), orgtr=null, sndr=null, rcvr=null, dstn=null, issr=PartyIdentification263(id=123e4567-e89b-12d3-a456-426614174000, assgnr=VISA, ctry=US, shrtNm=ShortNameExample, lglCorpNm=LegalCorporateNameExample, addtlId=AdditionalData1(tp=TYPE1, val=VALUE1), lclData=LocalData1(lang=EN, shrtNm=LocalShortNameExample, lglCorpNm=LocalLegalCorporateNameExample, addtlData=[AdditionalData1(tp=LOCAL_TYPE1, val=LOCAL_VALUE1), AdditionalData1(tp=LOCAL_TYPE2, val=LOCAL_VALUE2)])), card=CardData6(pan=1234-5678-9012-3456, prtctdPANInd=true, cardSeqNb=001, fctvDt=2023-01-01, xpryDt=2025-12-31, svcCd=101, trck1=B1234567890123456^CARDHOLDER/JOHN^2512101100000000000000, trck2=Track2Data1Choice(txtVal=1234567890123456=25121011000000000000, hexBinryVal=31323334353637383930313233343536), trck3=12345678901234567890123456789012, pmtAcctRef=PAR1234567890, panAcctRg=123456-789012, cardCtryCd=USA, cardPdctTp=Credit, cardPdctSubTp=Gold, cardPrtflIdr=PortfolioXYZ, addtlCardData=[AdditionalData1(tp=PromoCode, val=SAVE20), AdditionalData1(tp=LoyaltyPoints, val=100)])), cntxt=Context10(ptOfSvcCntxt=PointOfServiceContext3(cardPres=null, crdhldrPres=null, crdhldrActvtd=null, trnspndrInittd=null, attnddInd=null, uattnddLvlCtgy=null, eComrcInd=null, trnstInd=null, prtlApprvlSpprtd=null, delydAuthstnInd=null, othrSctyChrtcs=null, cardDataNtryMd=MICR, othrCardDataNtryMd=null, othrQRCdPresntmntMd=null, tempScrCardDataReusd=null, storgLctn=null, addtlData=null), txCntxt=TransactionContext7(mrchntCtgyCd=4321, mrchntCtgySpcfcData=null, cstmrCnsnt=null, pinPadInprtv=null, pinNtryBpssInd=null, iccFllbckInd=null, othrICCFllbckRsnCd=null, mgntcStrpFllbckInd=null, latePresntmntInd=null, fnlAuthstnInd=null, dfrrdDlvryInd=null, prtlShipmntInd=null, delydChrgsInd=null, noShowInd=null, reauthstnInd=null, reSubmissnInd=null, authntcnOutgInd=null, captrDt=null, dtAntcptd=null, addtlData=null)), tx=Transaction145(txTp=Purchase, txSubTp=Online, txAttr=AGGR, othrTxAttr=None, msgRsn=[Purchase at Merchant ABC, No Fraud Detected], altrnMsgRsn=[Standard Transaction, Low Risk], preAuthstnTmLmt=2024-06-30T23:59:59Z, addtlSvc=[AdditionalService2(tp=LOYT, othrTp=Loyalty Program, rslt=PERF, othrRslt=Successful, svcDtl=[AdditionalData1(tp=PromoCode, val=SAVE20), AdditionalData1(tp=LoyaltyPoints, val=100)])], assoctdDataInd=true, assoctdDataRef=Ref12345, assoctdDataDstn=DataCenter1, txId=TransactionIdentification16(lclDt=2024-06-26, lclTm=14:53:00, tmZone=UTC, txRef=TX1234567890, trnsmssnDtTm=2024-06-26T14:53:00Z, sysTracAudtNb=000123, rtrvlRefNb=RRN1234567890, lifeCyclTracIdMssng=No, acqrrRefData=AcquirerData, acqrrRefNb=AcquirerRef123, cardIssrRefData=IssuerData), txAmts=TransactionAmounts2(amtQlfr=ACTL, txAmt=TransactionAmount1(amt=150.75, ccy=USD)), acctFr=AccountDetails3(acctNm=John Doe, acctTp=Credit, acctId=9876543210), acctTo=AccountDetails3(acctNm=Merchant ABC, acctTp=Business, acctId=1234567890), txDesc=Purchase of electronics from Merchant ABC, addtlData=[AdditionalData1(tp=PromoCode, val=SAVE20), AdditionalData1(tp=LoyaltyPoints, val=100)]), orgnlTx=null, iccRltdData=null), sctyTrlr=null))
2024-08-28T16:52:15.751+05:30  INFO 26732 --- [proaccount-rest] [    Test worker] quirerToIssuerCardTransactionsController : Financial Response Message : FinancialResponse(finRspn=FinancialResponseV03(hdr=null, body=null, sctyTrlr=null))
2024-08-28T16:52:17.083+05:30  INFO 26732 --- [proaccount-rest] [    Test worker] quirerToIssuerCardTransactionsController : Reversal Initiation Message : ReversalInitiation(rvslInitn=ReversalInitiationV03(hdr=Header62(msgFctn=NOTI, prtcolVrsn=1, xchgId=25, reTrnsmssnCntr=Center, creDtTm=2024-06-18T09:08:18.000Z, btchMgmtInf=BatchManagementInformation1(colltnId=4, btchId=88, msgSeqNb=seq, msgChcksmInptVal=null), initgPty=GenericIdentification183(id=523793, tp=OTHN, othrTp=othrTp, assgnr=ACQR, ctry=INR, shrtNm=null), rcptPty=null, tracData=null, tracblt=null), body=ReversalInitiation2(envt=Environment19(acqrr=PartyIdentification263(id=001727, assgnr=55, ctry=GBP, shrtNm=Akshay, lglCorpNm=null, addtlId=null, lclData=null), orgtr=null, sndr=null, rcvr=null, accptr=null, dstn=null, pyer=null, pyee=null, termnl=null, issr=PartyIdentification263(id=008956, assgnr=55, ctry=INR, shrtNm=null, lglCorpNm=null, addtlId=null, lclData=null), card=CardData10(pan=1234567890123456, prtctdPANInd=true, cardSeqNb=001, pmtAcctRef=REF123456789, panAcctRg=12345678, cardPrtflIdr=PORTFOLIO123, addtlCardData=null), wllt=null, tkn=null), cntxt=Context14(ptOfSvcCntxt=PointOfServiceContext5(cardPres=true, crdhldrPres=false, crdhldrActvtd=true, trnspndrInittd=false, attnddInd=true, uattnddLvlCtgy=CategoryA, eComrcInd=null, eComrcData=null, motoCd=MOTO, trnstInd=true, prtlApprvlSpprtd=false, delydAuthstnInd=true, sctyChrtcs=null, othrSctyChrtcs=OtherSecurityCharacteristics, cardDataNtryMd=UNSP, qrCdPresntmntMd=OTHN, othrQRCdPresntmntMd=OtherQRMode, othrCardDataNtryMd=OtherEntryMode, storgLctn=LocationA, spclConds=null, addtlData=null), txCntxt=null), tx=Transaction142(txTp=0A, txSubTp=null, txAttr=null, othrTxAttr=null, msgRsn=null, altrnMsgRsn=null, preAuthstnTmLmt=null, addtlSvc=null, assoctdDataInd=null, assoctdDataRef=null, assoctdDataDstn=null, spclPrgrmmQlfctn=null, txId=TransactionIdentification51(lclDt=null, lclTm=null, tmZone=null, txRef=null, trnsmssnDtTm=null, sysTracAudtNb=2024-06-18T09:08:18.000Z, rtrvlRefNb=RetrievalRN, lifeCyclSpprt=null, lifeCyclTracIdData=null, lifeCyclTracIdMssng=null, acqrrRefData=null, acqrrRefNb=null, cardIssrRefData=null, orgnlDataElmts=null), dsptData=null, txAmts=TransactionAmounts2(amtQlfr=null, txAmt=TransactionAmount1(amt=25, ccy=INR), crdhldrBllgAmt=null, rcncltnAmt=null, dtldAmt=null, orgnlTxAmts=null), addtlAmt=null, addtlFee=null, orgnlAddtlFee=null, dpstDtls=null, fndsSvcs=null, acctFr=AccountDetails3(acctNm=Akshay, acctTp=Session, acctId=156), acctTo=AccountDetails3(acctNm=Vishal, acctTp=Session, acctId=526), txDesc=null, addtlData=null), prcgRslt=null, iccRltdData=null, prtctdData=null, splmtryData=null), sctyTrlr=null))
2024-08-28T16:52:17.116+05:30  INFO 26732 --- [proaccount-rest] [    Test worker] quirerToIssuerCardTransactionsController : Reversal Response Message : ReversalResponse(reversalRspn=ReversalResponseV03(hdr=null, body=null, sctyTrlr=null))
]]></system-out>
  <system-err><![CDATA[]]></system-err>
</testsuite>
