<?xml version="1.0" encoding="UTF-8"?>
<testsuite name="inc.nimbuspay.proaccountrest.payment.controller.PaymentControllerTest" tests="3" skipped="0" failures="0" errors="0" timestamp="2024-08-28T11:22:08" hostname="VAISHNAVISONAWA" time="0.143">
  <properties/>
  <testcase name="testPaymentReference()" classname="inc.nimbuspay.proaccountrest.payment.controller.PaymentControllerTest" time="0.024"/>
  <testcase name="testCashOutTransaction()" classname="inc.nimbuspay.proaccountrest.payment.controller.PaymentControllerTest" time="0.074"/>
  <testcase name="testCashInTransaction()" classname="inc.nimbuspay.proaccountrest.payment.controller.PaymentControllerTest" time="0.04"/>
  <system-out><![CDATA[2024-08-28T16:52:06.752+05:30  INFO 26732 --- [proaccount-rest] [    Test worker] t.c.s.AnnotationConfigContextLoaderUtils : Could not detect default configuration classes for test class [inc.nimbuspay.proaccountrest.payment.controller.PaymentControllerTest]: PaymentControllerTest does not declare any static, non-private, non-final, nested classes annotated with @Configuration.
2024-08-28T16:52:06.870+05:30  INFO 26732 --- [proaccount-rest] [    Test worker] .b.t.c.SpringBootTestContextBootstrapper : Found @SpringBootConfiguration inc.nimbuspay.proaccountrest.ProaccountRestApplication for test class inc.nimbuspay.proaccountrest.payment.controller.PaymentControllerTest

  .   ____          _            __ _ _
 /\\ / ___'_ __ _ _(_)_ __  __ _ \ \ \ \
( ( )\___ | '_ | '_| | '_ \/ _` | \ \ \ \
 \\/  ___)| |_)| | | | | || (_| |  ) ) ) )
  '  |____| .__|_| |_|_| |_\__, | / / / /
 =========|_|==============|___/=/_/_/_/
 :: Spring Boot ::                (v3.2.4)

2024-08-28T16:52:06.980+05:30  INFO 26732 --- [proaccount-rest] [    Test worker] i.n.p.p.c.PaymentControllerTest          : Starting PaymentControllerTest using Java 21.0.3 with PID 26732 (started by vaishnavi.sonawane in D:\Proaccount-Rest\ProACCOUNT\proaccount-rest)
2024-08-28T16:52:06.981+05:30  INFO 26732 --- [proaccount-rest] [    Test worker] i.n.p.p.c.PaymentControllerTest          : No active profile set, falling back to 1 default profile: "default"
2024-08-28T16:52:08.711+05:30  INFO 26732 --- [proaccount-rest] [    Test worker] o.s.b.t.m.w.SpringBootMockServletContext : Initializing Spring TestDispatcherServlet ''
2024-08-28T16:52:08.712+05:30  INFO 26732 --- [proaccount-rest] [    Test worker] o.s.t.web.servlet.TestDispatcherServlet  : Initializing Servlet ''
2024-08-28T16:52:08.713+05:30  INFO 26732 --- [proaccount-rest] [    Test worker] o.s.t.web.servlet.TestDispatcherServlet  : Completed initialization in 1 ms
2024-08-28T16:52:08.724+05:30  INFO 26732 --- [proaccount-rest] [    Test worker] i.n.p.p.c.PaymentControllerTest          : Started PaymentControllerTest in 1.824 seconds (process running for 36.706)
2024-08-28T16:52:08.823+05:30  INFO 26732 --- [proaccount-rest] [    Test worker] i.n.p.p.controller.PaymentController     : Performing Cashout-Outbound-Transaction  CashOutTransactionRequest(sourceAccount=552855655108, transactionType=Cash Out, transactionValue=500.0, iso4217Currency=GBP, destAccountNumber=222274584747, destAccountSrtCde=null, destAccIban=IBAN123456, destAccountName=Arc Organization, transactionSource=ATM, payRef=null)
2024-08-28T16:52:08.866+05:30  INFO 26732 --- [proaccount-rest] [    Test worker] i.n.p.p.controller.PaymentController     : Performing Cashin-TransactionCashInTransactionRequest(transactionType=Cash In, transactionValue=500.0, iso4217Currency=GBP, sourceAccountNumber=null, sourceAccountSrtCde=null, sourceAccIban=null, sourceAccountName=null, transactionSource=null, payRef=REFN503997109848)
]]></system-out>
  <system-err><![CDATA[]]></system-err>
</testsuite>
