<?xml version="1.0" encoding="UTF-8"?>
<testsuite name="inc.nimbuspay.proaccountrest.transaction.entity.objectmodel.DestinationTest" tests="6" skipped="0" failures="0" errors="0" timestamp="2024-08-28T11:22:17" hostname="VAISHNAVISONAWA" time="0.013">
  <properties/>
  <testcase name="testToString()" classname="inc.nimbuspay.proaccountrest.transaction.entity.objectmodel.DestinationTest" time="0.004"/>
  <testcase name="testSettersAndGetters()" classname="inc.nimbuspay.proaccountrest.transaction.entity.objectmodel.DestinationTest" time="0.001"/>
  <testcase name="testToStringWithNullValues()" classname="inc.nimbuspay.proaccountrest.transaction.entity.objectmodel.DestinationTest" time="0.001"/>
  <testcase name="testIdSetter()" classname="inc.nimbuspay.proaccountrest.transaction.entity.objectmodel.DestinationTest" time="0.001"/>
  <testcase name="testAdditionalIdentificationTransient()" classname="inc.nimbuspay.proaccountrest.transaction.entity.objectmodel.DestinationTest" time="0.001"/>
  <testcase name="testSerializable()" classname="inc.nimbuspay.proaccountrest.transaction.entity.objectmodel.DestinationTest" time="0.001"/>
  <system-out><![CDATA[]]></system-out>
  <system-err><![CDATA[]]></system-err>
</testsuite>
