<?xml version="1.0" encoding="UTF-8"?>
<testsuite name="inc.nimbuspay.proaccountrest.transaction.entity.objectmodel.CardTest" tests="7" skipped="0" failures="0" errors="0" timestamp="2024-08-28T11:22:17" hostname="VAISHNAVISONAWA" time="0.029">
  <properties/>
  <testcase name="testAdditionalCardDataManipulation()" classname="inc.nimbuspay.proaccountrest.transaction.entity.objectmodel.CardTest" time="0.001"/>
  <testcase name="testDefaultValues()" classname="inc.nimbuspay.proaccountrest.transaction.entity.objectmodel.CardTest" time="0.008"/>
  <testcase name="testToString()" classname="inc.nimbuspay.proaccountrest.transaction.entity.objectmodel.CardTest" time="0.002"/>
  <testcase name="getPrimaryAccountNumber()" classname="inc.nimbuspay.proaccountrest.transaction.entity.objectmodel.CardTest" time="0.002"/>
  <testcase name="testSettersAndGetters()" classname="inc.nimbuspay.proaccountrest.transaction.entity.objectmodel.CardTest" time="0.002"/>
  <testcase name="testToStringWithNullValues()" classname="inc.nimbuspay.proaccountrest.transaction.entity.objectmodel.CardTest" time="0.001"/>
  <testcase name="testIdSetter()" classname="inc.nimbuspay.proaccountrest.transaction.entity.objectmodel.CardTest" time="0.001"/>
  <system-out><![CDATA[]]></system-out>
  <system-err><![CDATA[]]></system-err>
</testsuite>
