<?xml version="1.0" encoding="UTF-8"?>
<testsuite name="inc.nimbuspay.proaccountrest.payment.entity.LedgerTest" tests="18" skipped="0" failures="0" errors="0" timestamp="2024-08-28T11:22:09" hostname="VAISHNAVISONAWA" time="0.037">
  <properties/>
  <testcase name="testNotEqualsWithDifferentValues()" classname="inc.nimbuspay.proaccountrest.payment.entity.LedgerTest" time="0.002"/>
  <testcase name="testToString()" classname="inc.nimbuspay.proaccountrest.payment.entity.LedgerTest" time="0.005"/>
  <testcase name="testSettersAndGetters()" classname="inc.nimbuspay.proaccountrest.payment.entity.LedgerTest" time="0.002"/>
  <testcase name="testBuilder()" classname="inc.nimbuspay.proaccountrest.payment.entity.LedgerTest" time="0.001"/>
  <testcase name="testLedgerIdSetterAndGetter()" classname="inc.nimbuspay.proaccountrest.payment.entity.LedgerTest" time="0.003"/>
  <testcase name="testTransactionTypeSetterAndGetter()" classname="inc.nimbuspay.proaccountrest.payment.entity.LedgerTest" time="0.002"/>
  <testcase name="testEqualsWithNullFields()" classname="inc.nimbuspay.proaccountrest.payment.entity.LedgerTest" time="0.001"/>
  <testcase name="testCreditAccountSetterAndGetter()" classname="inc.nimbuspay.proaccountrest.payment.entity.LedgerTest" time="0.001"/>
  <testcase name="testRequiredArgsConstructor()" classname="inc.nimbuspay.proaccountrest.payment.entity.LedgerTest" time="0.001"/>
  <testcase name="testDebitAccountSetterAndGetter()" classname="inc.nimbuspay.proaccountrest.payment.entity.LedgerTest" time="0.002"/>
  <testcase name="testEqualsWithDifferentTypes()" classname="inc.nimbuspay.proaccountrest.payment.entity.LedgerTest" time="0.001"/>
  <testcase name="testEqualsAndHashCode()" classname="inc.nimbuspay.proaccountrest.payment.entity.LedgerTest" time="0.001"/>
  <testcase name="testTimestampSetterAndGetter()" classname="inc.nimbuspay.proaccountrest.payment.entity.LedgerTest" time="0.001"/>
  <testcase name="testIso4217CurrencySetterAndGetter()" classname="inc.nimbuspay.proaccountrest.payment.entity.LedgerTest" time="0.002"/>
  <testcase name="testTransactionValueSetterAndGetter()" classname="inc.nimbuspay.proaccountrest.payment.entity.LedgerTest" time="0.0"/>
  <testcase name="testDefaultConstructor()" classname="inc.nimbuspay.proaccountrest.payment.entity.LedgerTest" time="0.0"/>
  <testcase name="testEqualsWithNull()" classname="inc.nimbuspay.proaccountrest.payment.entity.LedgerTest" time="0.0"/>
  <testcase name="testEqualsWithSelf()" classname="inc.nimbuspay.proaccountrest.payment.entity.LedgerTest" time="0.001"/>
  <system-out><![CDATA[]]></system-out>
  <system-err><![CDATA[]]></system-err>
</testsuite>
