<?xml version="1.0" encoding="UTF-8"?>
<testsuite name="inc.nimbuspay.proaccountrest.payment.entity.AccountReceivableLogTest" tests="21" skipped="0" failures="0" errors="0" timestamp="2024-08-28T11:22:08" hostname="VAISHNAVISONAWA" time="0.09">
  <properties/>
  <testcase name="testSourceAccountIbanSetterAndGetter()" classname="inc.nimbuspay.proaccountrest.payment.entity.AccountReceivableLogTest" time="0.0"/>
  <testcase name="testSourceAccountSrtCdeSetterAndGetter()" classname="inc.nimbuspay.proaccountrest.payment.entity.AccountReceivableLogTest" time="0.0"/>
  <testcase name="testNotEqualsWithDifferentValues()" classname="inc.nimbuspay.proaccountrest.payment.entity.AccountReceivableLogTest" time="0.001"/>
  <testcase name="testSourceAccountNameSetterAndGetter()" classname="inc.nimbuspay.proaccountrest.payment.entity.AccountReceivableLogTest" time="0.003"/>
  <testcase name="testToString()" classname="inc.nimbuspay.proaccountrest.payment.entity.AccountReceivableLogTest" time="0.002"/>
  <testcase name="testSettersAndGetters()" classname="inc.nimbuspay.proaccountrest.payment.entity.AccountReceivableLogTest" time="0.001"/>
  <testcase name="testPayRefSetterAndGetter()" classname="inc.nimbuspay.proaccountrest.payment.entity.AccountReceivableLogTest" time="0.0"/>
  <testcase name="testBuilder()" classname="inc.nimbuspay.proaccountrest.payment.entity.AccountReceivableLogTest" time="0.002"/>
  <testcase name="testTransactionTypeSetterAndGetter()" classname="inc.nimbuspay.proaccountrest.payment.entity.AccountReceivableLogTest" time="0.002"/>
  <testcase name="testAcctRecIdSetterAndGetter()" classname="inc.nimbuspay.proaccountrest.payment.entity.AccountReceivableLogTest" time="0.001"/>
  <testcase name="testEqualsWithNullFields()" classname="inc.nimbuspay.proaccountrest.payment.entity.AccountReceivableLogTest" time="0.002"/>
  <testcase name="testRequiredArgsConstructor()" classname="inc.nimbuspay.proaccountrest.payment.entity.AccountReceivableLogTest" time="0.002"/>
  <testcase name="testDebitAccountSetterAndGetter()" classname="inc.nimbuspay.proaccountrest.payment.entity.AccountReceivableLogTest" time="0.0"/>
  <testcase name="testEqualsWithDifferentTypes()" classname="inc.nimbuspay.proaccountrest.payment.entity.AccountReceivableLogTest" time="0.001"/>
  <testcase name="testEqualsAndHashCode()" classname="inc.nimbuspay.proaccountrest.payment.entity.AccountReceivableLogTest" time="0.001"/>
  <testcase name="testTimestampSetterAndGetter()" classname="inc.nimbuspay.proaccountrest.payment.entity.AccountReceivableLogTest" time="0.001"/>
  <testcase name="testIso4217CurrencySetterAndGetter()" classname="inc.nimbuspay.proaccountrest.payment.entity.AccountReceivableLogTest" time="0.002"/>
  <testcase name="testTransactionValueSetterAndGetter()" classname="inc.nimbuspay.proaccountrest.payment.entity.AccountReceivableLogTest" time="0.001"/>
  <testcase name="testDefaultConstructor()" classname="inc.nimbuspay.proaccountrest.payment.entity.AccountReceivableLogTest" time="0.001"/>
  <testcase name="testEqualsWithNull()" classname="inc.nimbuspay.proaccountrest.payment.entity.AccountReceivableLogTest" time="0.002"/>
  <testcase name="testEqualsWithSelf()" classname="inc.nimbuspay.proaccountrest.payment.entity.AccountReceivableLogTest" time="0.001"/>
  <system-out><![CDATA[]]></system-out>
  <system-err><![CDATA[]]></system-err>
</testsuite>
