<?xml version="1.0" encoding="UTF-8"?>
<testsuite name="inc.nimbuspay.proaccountrest.transaction.entity.objectmodel.MACDataTest" tests="4" skipped="0" failures="0" errors="0" timestamp="2024-08-28T11:22:17" hostname="VAISHNAVISONAWA" time="0.009">
  <properties/>
  <testcase name="testDefaultValues()" classname="inc.nimbuspay.proaccountrest.transaction.entity.objectmodel.MACDataTest" time="0.002"/>
  <testcase name="testToString()" classname="inc.nimbuspay.proaccountrest.transaction.entity.objectmodel.MACDataTest" time="0.002"/>
  <testcase name="testSettersAndGetters()" classname="inc.nimbuspay.proaccountrest.transaction.entity.objectmodel.MACDataTest" time="0.002"/>
  <testcase name="testToStringWithNullValues()" classname="inc.nimbuspay.proaccountrest.transaction.entity.objectmodel.MACDataTest" time="0.001"/>
  <system-out><![CDATA[]]></system-out>
  <system-err><![CDATA[]]></system-err>
</testsuite>
