<?xml version="1.0" encoding="UTF-8"?>
<testsuite name="inc.nimbuspay.proaccountrest.management.service.AccountServiceImplTest" tests="13" skipped="0" failures="0" errors="0" timestamp="2024-08-28T11:22:06" hostname="VAISHNAVISONAWA" time="0.73">
  <properties/>
  <testcase name="createAccountShouldThrowAccountAlreadyExistsException()" classname="inc.nimbuspay.proaccountrest.management.service.AccountServiceImplTest" time="0.596"/>
  <testcase name="createReceivablePayableAccountShouldCreateBothAccounts()" classname="inc.nimbuspay.proaccountrest.management.service.AccountServiceImplTest" time="0.015"/>
  <testcase name="getAccountShouldReturnAccountResponseWhenAccountExists()" classname="inc.nimbuspay.proaccountrest.management.service.AccountServiceImplTest" time="0.007"/>
  <testcase name="deleteAccountShouldDeleteAccountSuccessfully()" classname="inc.nimbuspay.proaccountrest.management.service.AccountServiceImplTest" time="0.004"/>
  <testcase name="createVirtualAccountsShouldCreateAccountSuccessfully()" classname="inc.nimbuspay.proaccountrest.management.service.AccountServiceImplTest" time="0.005"/>
  <testcase name="getAccountShouldThrowAccountExceptionWhenAccountNotFound()" classname="inc.nimbuspay.proaccountrest.management.service.AccountServiceImplTest" time="0.004"/>
  <testcase name="updateAccountShouldThrowAccountNotFoundException()" classname="inc.nimbuspay.proaccountrest.management.service.AccountServiceImplTest" time="0.016"/>
  <testcase name="createAccountShouldThrowInternalServerException()" classname="inc.nimbuspay.proaccountrest.management.service.AccountServiceImplTest" time="0.009"/>
  <testcase name="createAccountShouldCreateNewAccountSuccessfully()" classname="inc.nimbuspay.proaccountrest.management.service.AccountServiceImplTest" time="0.006"/>
  <testcase name="updateAccountShouldUpdateAccountTypeSuccessfully()" classname="inc.nimbuspay.proaccountrest.management.service.AccountServiceImplTest" time="0.005"/>
  <testcase name="deleteAccountShouldThrowAccountNotFoundException()" classname="inc.nimbuspay.proaccountrest.management.service.AccountServiceImplTest" time="0.007"/>
  <testcase name="deleteAccountShouldThrowAccountAlreadyDeletedException()" classname="inc.nimbuspay.proaccountrest.management.service.AccountServiceImplTest" time="0.031"/>
  <testcase name="deleteAccountShouldThrowAccountBalanceMustBeZeroException()" classname="inc.nimbuspay.proaccountrest.management.service.AccountServiceImplTest" time="0.009"/>
  <system-out><![CDATA[]]></system-out>
  <system-err><![CDATA[]]></system-err>
</testsuite>
