<?xml version="1.0" encoding="UTF-8"?>
<testsuite name="inc.nimbuspay.proaccountrest.transaction.service.TransactionLogServiceTest" tests="2" skipped="0" failures="0" errors="0" timestamp="2024-08-28T11:22:19" hostname="VAISHNAVISONAWA" time="0.981">
  <properties/>
  <testcase name="testInsertFinancialInitiationRequestInTransactionLog()" classname="inc.nimbuspay.proaccountrest.transaction.service.TransactionLogServiceTest" time="0.967"/>
  <testcase name="testInsertReversalRequestInTransactionLog()" classname="inc.nimbuspay.proaccountrest.transaction.service.TransactionLogServiceTest" time="0.013"/>
  <system-out><![CDATA[]]></system-out>
  <system-err><![CDATA[]]></system-err>
</testsuite>
