<?xml version="1.0" encoding="UTF-8"?>
<testsuite name="inc.nimbuspay.proaccountrest.management.response.AccountCreationResponseTest" tests="11" skipped="0" failures="0" errors="0" timestamp="2024-08-28T11:22:05" hostname="VAISHNAVISONAWA" time="0.087">
  <properties/>
  <testcase name="testToString()" classname="inc.nimbuspay.proaccountrest.management.response.AccountCreationResponseTest" time="0.001"/>
  <testcase name="testSettersAndGetters()" classname="inc.nimbuspay.proaccountrest.management.response.AccountCreationResponseTest" time="0.0"/>
  <testcase name="testAccountNumberSetterAndGetter()" classname="inc.nimbuspay.proaccountrest.management.response.AccountCreationResponseTest" time="0.059"/>
  <testcase name="testBuilder()" classname="inc.nimbuspay.proaccountrest.management.response.AccountCreationResponseTest" time="0.002"/>
  <testcase name="testEqualsWithNullFields()" classname="inc.nimbuspay.proaccountrest.management.response.AccountCreationResponseTest" time="0.001"/>
  <testcase name="testEqualsWithDifferentTypes()" classname="inc.nimbuspay.proaccountrest.management.response.AccountCreationResponseTest" time="0.002"/>
  <testcase name="testAccountTypeSetterAndGetter()" classname="inc.nimbuspay.proaccountrest.management.response.AccountCreationResponseTest" time="0.001"/>
  <testcase name="testEqualsAndHashCode()" classname="inc.nimbuspay.proaccountrest.management.response.AccountCreationResponseTest" time="0.002"/>
  <testcase name="testDefaultConstructor()" classname="inc.nimbuspay.proaccountrest.management.response.AccountCreationResponseTest" time="0.001"/>
  <testcase name="testEqualsWithNull()" classname="inc.nimbuspay.proaccountrest.management.response.AccountCreationResponseTest" time="0.001"/>
  <testcase name="testEqualsWithSelf()" classname="inc.nimbuspay.proaccountrest.management.response.AccountCreationResponseTest" time="0.0"/>
  <system-out><![CDATA[]]></system-out>
  <system-err><![CDATA[]]></system-err>
</testsuite>
